<?xml version="1.0" encoding="UTF-8"?>
<coverage generated="1608152660101" clover="3.2.0">
  <project timestamp="1608152660102" name="All files">
    <metrics statements="135" coveredstatements="125" conditionals="51" coveredconditionals="43" methods="39" coveredmethods="39" elements="225" coveredelements="207" complexity="0" loc="135" ncloc="135" packages="2" files="10" classes="10"/>
    <package name="js">
      <metrics statements="113" coveredstatements="103" conditionals="51" coveredconditionals="43" methods="31" coveredmethods="31"/>
      <file name="carousel.js" path="C:\Users\Anton\Desktop\Study\OKR\lab4\src\js\carousel.js">
        <metrics statements="1" coveredstatements="1" conditionals="0" coveredconditionals="0" methods="0" coveredmethods="0"/>
        <line num="1" count="2" type="stmt"/>
      </file>
      <file name="cart.js" path="C:\Users\Anton\Desktop\Study\OKR\lab4\src\js\cart.js">
        <metrics statements="24" coveredstatements="24" conditionals="15" coveredconditionals="13" methods="9" coveredmethods="9"/>
        <line num="5" count="2" type="cond" truecount="2" falsecount="0"/>
        <line num="9" count="2" type="stmt"/>
        <line num="10" count="2" type="cond" truecount="2" falsecount="0"/>
        <line num="11" count="2" type="cond" truecount="1" falsecount="1"/>
        <line num="13" count="2" type="stmt"/>
        <line num="14" count="2" type="cond" truecount="1" falsecount="1"/>
        <line num="16" count="2" type="stmt"/>
        <line num="20" count="1" type="stmt"/>
        <line num="24" count="3" type="stmt"/>
        <line num="26" count="5" type="cond" truecount="2" falsecount="0"/>
        <line num="27" count="3" type="cond" truecount="2" falsecount="0"/>
        <line num="28" count="2" type="stmt"/>
        <line num="30" count="1" type="stmt"/>
        <line num="32" count="3" type="stmt"/>
        <line num="36" count="4" type="stmt"/>
        <line num="38" count="2" type="stmt"/>
        <line num="39" count="2" type="stmt"/>
        <line num="40" count="2" type="stmt"/>
        <line num="42" count="3" type="stmt"/>
        <line num="44" count="2" type="stmt"/>
        <line num="48" count="12" type="cond" truecount="2" falsecount="0"/>
        <line num="49" count="1" type="stmt"/>
        <line num="51" count="1" type="stmt"/>
        <line num="53" count="11" type="stmt"/>
      </file>
      <file name="loader.js" path="C:\Users\Anton\Desktop\Study\OKR\lab4\src\js\loader.js">
        <metrics statements="1" coveredstatements="1" conditionals="0" coveredconditionals="0" methods="0" coveredmethods="0"/>
        <line num="1" count="1" type="stmt"/>
      </file>
      <file name="makeCard.js" path="C:\Users\Anton\Desktop\Study\OKR\lab4\src\js\makeCard.js">
        <metrics statements="5" coveredstatements="5" conditionals="3" coveredconditionals="3" methods="5" coveredmethods="5"/>
        <line num="2" count="33" type="stmt"/>
        <line num="13" count="99" type="stmt"/>
        <line num="26" count="14" type="stmt"/>
        <line num="31" count="34" type="stmt"/>
        <line num="40" count="7" type="stmt"/>
      </file>
      <file name="router.js" path="C:\Users\Anton\Desktop\Study\OKR\lab4\src\js\router.js">
        <metrics statements="65" coveredstatements="55" conditionals="25" coveredconditionals="19" methods="9" coveredmethods="9"/>
        <line num="11" count="1" type="stmt"/>
        <line num="12" count="1" type="stmt"/>
        <line num="13" count="1" type="stmt"/>
        <line num="17" count="10" type="cond" truecount="5" falsecount="1"/>
        <line num="19" count="2" type="stmt"/>
        <line num="20" count="2" type="stmt"/>
        <line num="21" count="2" type="stmt"/>
        <line num="24" count="1" type="cond" truecount="1" falsecount="1"/>
        <line num="25" count="0" type="stmt"/>
        <line num="26" count="0" type="stmt"/>
        <line num="30" count="1" type="stmt"/>
        <line num="31" count="1" type="stmt"/>
        <line num="32" count="1" type="stmt"/>
        <line num="35" count="1" type="stmt"/>
        <line num="37" count="5" type="stmt"/>
        <line num="38" count="5" type="stmt"/>
        <line num="40" count="1" type="stmt"/>
        <line num="41" count="1" type="stmt"/>
        <line num="42" count="1" type="stmt"/>
        <line num="44" count="1" type="stmt"/>
        <line num="45" count="1" type="stmt"/>
        <line num="46" count="1" type="stmt"/>
        <line num="49" count="0" type="stmt"/>
        <line num="50" count="0" type="stmt"/>
        <line num="51" count="0" type="stmt"/>
        <line num="56" count="5" type="cond" truecount="2" falsecount="0"/>
        <line num="58" count="5" type="stmt"/>
        <line num="59" count="5" type="cond" truecount="2" falsecount="0"/>
        <line num="60" count="4" type="stmt"/>
        <line num="61" count="4" type="cond" truecount="2" falsecount="0"/>
        <line num="63" count="1" type="stmt"/>
        <line num="64" count="1" type="stmt"/>
        <line num="66" count="1" type="stmt"/>
        <line num="67" count="1" type="stmt"/>
        <line num="68" count="2" type="stmt"/>
        <line num="69" count="2" type="stmt"/>
        <line num="70" count="2" type="stmt"/>
        <line num="71" count="2" type="stmt"/>
        <line num="72" count="2" type="stmt"/>
        <line num="75" count="1" type="stmt"/>
        <line num="80" count="6" type="stmt"/>
        <line num="81" count="6" type="stmt"/>
        <line num="82" count="12" type="stmt"/>
        <line num="84" count="12" type="stmt"/>
        <line num="85" count="12" type="stmt"/>
        <line num="86" count="54" type="stmt"/>
        <line num="87" count="2" type="stmt"/>
        <line num="88" count="2" type="stmt"/>
        <line num="90" count="2" type="stmt"/>
        <line num="91" count="2" type="cond" truecount="2" falsecount="0"/>
        <line num="92" count="1" type="stmt"/>
        <line num="93" count="1" type="cond" truecount="1" falsecount="1"/>
        <line num="95" count="2" type="cond" truecount="2" falsecount="0"/>
        <line num="96" count="1" type="stmt"/>
        <line num="97" count="1" type="cond" truecount="1" falsecount="1"/>
        <line num="98" count="0" type="stmt"/>
        <line num="99" count="0" type="cond" truecount="0" falsecount="2"/>
        <line num="103" count="2" type="stmt"/>
        <line num="105" count="0" type="stmt"/>
        <line num="112" count="2" type="stmt"/>
        <line num="113" count="2" type="stmt"/>
        <line num="114" count="1" type="stmt"/>
        <line num="115" count="1" type="stmt"/>
        <line num="116" count="0" type="stmt"/>
        <line num="118" count="0" type="stmt"/>
      </file>
      <file name="test.server.js" path="C:\Users\Anton\Desktop\Study\OKR\lab4\src\js\test.server.js">
        <metrics statements="17" coveredstatements="17" conditionals="8" coveredconditionals="8" methods="8" coveredmethods="8"/>
        <line num="5" count="3" type="stmt"/>
        <line num="9" count="1" type="stmt"/>
        <line num="13" count="13" type="stmt"/>
        <line num="14" count="13" type="cond" truecount="2" falsecount="0"/>
        <line num="15" count="2" type="stmt"/>
        <line num="18" count="11" type="cond" truecount="4" falsecount="0"/>
        <line num="19" count="2" type="stmt"/>
        <line num="20" count="2" type="stmt"/>
        <line num="21" count="14" type="stmt"/>
        <line num="24" count="9" type="cond" truecount="2" falsecount="0"/>
        <line num="25" count="2" type="stmt"/>
        <line num="27" count="2" type="stmt"/>
        <line num="28" count="2" type="stmt"/>
        <line num="29" count="6" type="stmt"/>
        <line num="31" count="6" type="stmt"/>
        <line num="33" count="2" type="stmt"/>
        <line num="35" count="7" type="stmt"/>
      </file>
    </package>
    <package name="js.pages">
      <metrics statements="22" coveredstatements="22" conditionals="0" coveredconditionals="0" methods="8" coveredmethods="8"/>
      <file name="actions_page.js" path="C:\Users\Anton\Desktop\Study\OKR\lab4\src\js\pages\actions_page.js">
        <metrics statements="5" coveredstatements="5" conditionals="0" coveredconditionals="0" methods="2" coveredmethods="2"/>
        <line num="4" count="2" type="stmt"/>
        <line num="5" count="2" type="stmt"/>
        <line num="6" count="2" type="stmt"/>
        <line num="7" count="5" type="stmt"/>
        <line num="10" count="2" type="stmt"/>
      </file>
      <file name="cart_page.js" path="C:\Users\Anton\Desktop\Study\OKR\lab4\src\js\pages\cart_page.js">
        <metrics statements="4" coveredstatements="4" conditionals="0" coveredconditionals="0" methods="2" coveredmethods="2"/>
        <line num="4" count="2" type="stmt"/>
        <line num="6" count="2" type="stmt"/>
        <line num="8" count="4" type="stmt"/>
        <line num="10" count="2" type="stmt"/>
      </file>
      <file name="catalog_page.js" path="C:\Users\Anton\Desktop\Study\OKR\lab4\src\js\pages\catalog_page.js">
        <metrics statements="5" coveredstatements="5" conditionals="0" coveredconditionals="0" methods="2" coveredmethods="2"/>
        <line num="4" count="3" type="stmt"/>
        <line num="5" count="3" type="stmt"/>
        <line num="6" count="10" type="stmt"/>
        <line num="9" count="3" type="stmt"/>
        <line num="10" count="3" type="stmt"/>
      </file>
      <file name="main_page.js" path="C:\Users\Anton\Desktop\Study\OKR\lab4\src\js\pages\main_page.js">
        <metrics statements="8" coveredstatements="8" conditionals="0" coveredconditionals="0" methods="2" coveredmethods="2"/>
        <line num="5" count="2" type="stmt"/>
        <line num="6" count="2" type="stmt"/>
        <line num="8" count="2" type="stmt"/>
        <line num="9" count="2" type="stmt"/>
        <line num="10" count="5" type="stmt"/>
        <line num="12" count="2" type="stmt"/>
        <line num="13" count="2" type="stmt"/>
        <line num="14" count="2" type="stmt"/>
      </file>
    </package>
  </project>
</coverage>
