{"C:\\Users\\Anton\\Desktop\\Study\\OKR\\lab4\\src\\js\\carousel.js": {"path":"C:\\Users\\Anton\\Desktop\\Study\\OKR\\lab4\\src\\js\\carousel.js","statementMap":{"0":{"start":{"line":1,"column":17},"end":{"line":27,"column":1}}},"fnMap":{},"branchMap":{},"s":{"0":2},"f":{},"b":{},"_coverageSchema":"1a1c01bbd47fc00a2c39e90264f33305004495a9","hash":"cf3ef40593f4cca0dcbe6df02acebee246e7cacf"}
,"C:\\Users\\Anton\\Desktop\\Study\\OKR\\lab4\\src\\js\\cart.js": {"path":"C:\\Users\\Anton\\Desktop\\Study\\OKR\\lab4\\src\\js\\cart.js","statementMap":{"0":{"start":{"line":5,"column":4},"end":{"line":5,"column":40}},"1":{"start":{"line":9,"column":17},"end":{"line":9,"column":31}},"2":{"start":{"line":10,"column":16},"end":{"line":10,"column":72}},"3":{"start":{"line":10,"column":39},"end":{"line":10,"column":71}},"4":{"start":{"line":11,"column":4},"end":{"line":15,"column":5}},"5":{"start":{"line":13,"column":6},"end":{"line":13,"column":26}},"6":{"start":{"line":14,"column":6},"end":{"line":14,"column":54}},"7":{"start":{"line":14,"column":33},"end":{"line":14,"column":52}},"8":{"start":{"line":16,"column":4},"end":{"line":16,"column":54}},"9":{"start":{"line":20,"column":4},"end":{"line":20,"column":52}},"10":{"start":{"line":24,"column":17},"end":{"line":24,"column":31}},"11":{"start":{"line":26,"column":16},"end":{"line":26,"column":72}},"12":{"start":{"line":26,"column":39},"end":{"line":26,"column":71}},"13":{"start":{"line":27,"column":4},"end":{"line":31,"column":5}},"14":{"start":{"line":28,"column":6},"end":{"line":28,"column":26}},"15":{"start":{"line":30,"column":6},"end":{"line":30,"column":39}},"16":{"start":{"line":32,"column":4},"end":{"line":32,"column":54}},"17":{"start":{"line":36,"column":20},"end":{"line":36,"column":56}},"18":{"start":{"line":38,"column":17},"end":{"line":38,"column":31}},"19":{"start":{"line":39,"column":16},"end":{"line":39,"column":17}},"20":{"start":{"line":40,"column":4},"end":{"line":43,"column":6}},"21":{"start":{"line":42,"column":6},"end":{"line":42,"column":61}},"22":{"start":{"line":44,"column":4},"end":{"line":44,"column":16}},"23":{"start":{"line":48,"column":4},"end":{"line":54,"column":5}},"24":{"start":{"line":49,"column":6},"end":{"line":49,"column":54}},"25":{"start":{"line":51,"column":6},"end":{"line":51,"column":15}},"26":{"start":{"line":53,"column":6},"end":{"line":53,"column":53}}},"fnMap":{"0":{"name":"(anonymous_0)","decl":{"start":{"line":4,"column":2},"end":{"line":4,"column":3}},"loc":{"start":{"line":4,"column":35},"end":{"line":6,"column":3}},"line":4},"1":{"name":"(anonymous_1)","decl":{"start":{"line":8,"column":2},"end":{"line":8,"column":3}},"loc":{"start":{"line":8,"column":28},"end":{"line":17,"column":3}},"line":8},"2":{"name":"(anonymous_2)","decl":{"start":{"line":10,"column":31},"end":{"line":10,"column":32}},"loc":{"start":{"line":10,"column":39},"end":{"line":10,"column":71}},"line":10},"3":{"name":"(anonymous_3)","decl":{"start":{"line":19,"column":2},"end":{"line":19,"column":3}},"loc":{"start":{"line":19,"column":15},"end":{"line":21,"column":3}},"line":19},"4":{"name":"(anonymous_4)","decl":{"start":{"line":23,"column":2},"end":{"line":23,"column":3}},"loc":{"start":{"line":23,"column":23},"end":{"line":33,"column":3}},"line":23},"5":{"name":"(anonymous_5)","decl":{"start":{"line":26,"column":31},"end":{"line":26,"column":32}},"loc":{"start":{"line":26,"column":39},"end":{"line":26,"column":71}},"line":26},"6":{"name":"(anonymous_6)","decl":{"start":{"line":35,"column":2},"end":{"line":35,"column":3}},"loc":{"start":{"line":35,"column":21},"end":{"line":45,"column":3}},"line":35},"7":{"name":"(anonymous_7)","decl":{"start":{"line":40,"column":17},"end":{"line":40,"column":18}},"loc":{"start":{"line":40,"column":25},"end":{"line":43,"column":5}},"line":40},"8":{"name":"(anonymous_8)","decl":{"start":{"line":47,"column":2},"end":{"line":47,"column":3}},"loc":{"start":{"line":47,"column":13},"end":{"line":55,"column":3}},"line":47}},"branchMap":{"0":{"loc":{"start":{"line":4,"column":15},"end":{"line":4,"column":33}},"type":"default-arg","locations":[{"start":{"line":4,"column":24},"end":{"line":4,"column":33}}],"line":4},"1":{"loc":{"start":{"line":5,"column":18},"end":{"line":5,"column":40}},"type":"binary-expr","locations":[{"start":{"line":5,"column":18},"end":{"line":5,"column":24}},{"start":{"line":5,"column":28},"end":{"line":5,"column":40}}],"line":5},"2":{"loc":{"start":{"line":10,"column":39},"end":{"line":10,"column":71}},"type":"binary-expr","locations":[{"start":{"line":10,"column":39},"end":{"line":10,"column":51}},{"start":{"line":10,"column":55},"end":{"line":10,"column":71}}],"line":10},"3":{"loc":{"start":{"line":11,"column":4},"end":{"line":15,"column":5}},"type":"if","locations":[{"start":{"line":11,"column":4},"end":{"line":15,"column":5}},{"start":{"line":11,"column":4},"end":{"line":15,"column":5}}],"line":11},"4":{"loc":{"start":{"line":14,"column":6},"end":{"line":14,"column":54}},"type":"if","locations":[{"start":{"line":14,"column":6},"end":{"line":14,"column":54}},{"start":{"line":14,"column":6},"end":{"line":14,"column":54}}],"line":14},"5":{"loc":{"start":{"line":26,"column":39},"end":{"line":26,"column":71}},"type":"binary-expr","locations":[{"start":{"line":26,"column":39},"end":{"line":26,"column":51}},{"start":{"line":26,"column":55},"end":{"line":26,"column":71}}],"line":26},"6":{"loc":{"start":{"line":27,"column":4},"end":{"line":31,"column":5}},"type":"if","locations":[{"start":{"line":27,"column":4},"end":{"line":31,"column":5}},{"start":{"line":27,"column":4},"end":{"line":31,"column":5}}],"line":27},"7":{"loc":{"start":{"line":48,"column":4},"end":{"line":54,"column":5}},"type":"if","locations":[{"start":{"line":48,"column":4},"end":{"line":54,"column":5}},{"start":{"line":48,"column":4},"end":{"line":54,"column":5}}],"line":48}},"s":{"0":2,"1":2,"2":2,"3":2,"4":2,"5":2,"6":2,"7":0,"8":2,"9":1,"10":3,"11":3,"12":5,"13":3,"14":2,"15":1,"16":3,"17":4,"18":2,"19":2,"20":2,"21":3,"22":2,"23":10,"24":1,"25":1,"26":9},"f":{"0":2,"1":2,"2":2,"3":1,"4":3,"5":5,"6":4,"7":3,"8":10},"b":{"0":[1],"1":[2,1],"2":[2,2],"3":[2,0],"4":[0,2],"5":[5,3],"6":[2,1],"7":[1,9]},"_coverageSchema":"1a1c01bbd47fc00a2c39e90264f33305004495a9","hash":"bbf6a8e0f1f31e3df4533db45732f5b19036e559"}
,"C:\\Users\\Anton\\Desktop\\Study\\OKR\\lab4\\src\\js\\loader.js": {"path":"C:\\Users\\Anton\\Desktop\\Study\\OKR\\lab4\\src\\js\\loader.js","statementMap":{"0":{"start":{"line":1,"column":15},"end":{"line":76,"column":9}}},"fnMap":{},"branchMap":{},"s":{"0":1},"f":{},"b":{},"_coverageSchema":"1a1c01bbd47fc00a2c39e90264f33305004495a9","hash":"2d5bd90e813edf43d5173b160434020a712bd5ee"}
,"C:\\Users\\Anton\\Desktop\\Study\\OKR\\lab4\\src\\js\\makeCard.js": {"path":"C:\\Users\\Anton\\Desktop\\Study\\OKR\\lab4\\src\\js\\makeCard.js","statementMap":{"0":{"start":{"line":2,"column":2},"end":{"line":22,"column":5}},"1":{"start":{"line":13,"column":12},"end":{"line":14,"column":37}},"2":{"start":{"line":26,"column":2},"end":{"line":36,"column":5}},"3":{"start":{"line":31,"column":12},"end":{"line":31,"column":90}},"4":{"start":{"line":40,"column":2},"end":{"line":56,"column":5}}},"fnMap":{"0":{"name":"makeCard","decl":{"start":{"line":1,"column":16},"end":{"line":1,"column":24}},"loc":{"start":{"line":1,"column":45},"end":{"line":23,"column":1}},"line":1},"1":{"name":"(anonymous_1)","decl":{"start":{"line":12,"column":27},"end":{"line":12,"column":28}},"loc":{"start":{"line":12,"column":51},"end":{"line":15,"column":9}},"line":12},"2":{"name":"makeRow","decl":{"start":{"line":25,"column":16},"end":{"line":25,"column":23}},"loc":{"start":{"line":25,"column":35},"end":{"line":37,"column":1}},"line":25},"3":{"name":"(anonymous_3)","decl":{"start":{"line":30,"column":24},"end":{"line":30,"column":25}},"loc":{"start":{"line":30,"column":39},"end":{"line":32,"column":9}},"line":30},"4":{"name":"makeCartCard","decl":{"start":{"line":39,"column":16},"end":{"line":39,"column":28}},"loc":{"start":{"line":39,"column":50},"end":{"line":57,"column":1}},"line":39}},"branchMap":{"0":{"loc":{"start":{"line":1,"column":33},"end":{"line":1,"column":43}},"type":"default-arg","locations":[{"start":{"line":1,"column":42},"end":{"line":1,"column":43}}],"line":1},"1":{"loc":{"start":{"line":10,"column":22},"end":{"line":10,"column":88}},"type":"cond-expr","locations":[{"start":{"line":10,"column":31},"end":{"line":10,"column":83}},{"start":{"line":10,"column":86},"end":{"line":10,"column":88}}],"line":10}},"s":{"0":33,"1":99,"2":14,"3":34,"4":7},"f":{"0":33,"1":99,"2":14,"3":34,"4":7},"b":{"0":[19],"1":[14,19]},"_coverageSchema":"1a1c01bbd47fc00a2c39e90264f33305004495a9","hash":"9c0de5ffe42248fb3f371f053b00ec4c16fa89ba"}
,"C:\\Users\\Anton\\Desktop\\Study\\OKR\\lab4\\src\\js\\router.js": {"path":"C:\\Users\\Anton\\Desktop\\Study\\OKR\\lab4\\src\\js\\router.js","statementMap":{"0":{"start":{"line":11,"column":4},"end":{"line":11,"column":47}},"1":{"start":{"line":12,"column":4},"end":{"line":12,"column":30}},"2":{"start":{"line":13,"column":4},"end":{"line":13,"column":37}},"3":{"start":{"line":17,"column":4},"end":{"line":52,"column":5}},"4":{"start":{"line":19,"column":8},"end":{"line":19,"column":47}},"5":{"start":{"line":20,"column":8},"end":{"line":20,"column":38}},"6":{"start":{"line":21,"column":8},"end":{"line":21,"column":13}},"7":{"start":{"line":24,"column":8},"end":{"line":33,"column":9}},"8":{"start":{"line":25,"column":10},"end":{"line":25,"column":54}},"9":{"start":{"line":26,"column":10},"end":{"line":26,"column":49}},"10":{"start":{"line":30,"column":10},"end":{"line":30,"column":46}},"11":{"start":{"line":31,"column":10},"end":{"line":31,"column":40}},"12":{"start":{"line":32,"column":10},"end":{"line":32,"column":36}},"13":{"start":{"line":35,"column":8},"end":{"line":35,"column":13}},"14":{"start":{"line":37,"column":8},"end":{"line":37,"column":36}},"15":{"start":{"line":38,"column":8},"end":{"line":38,"column":13}},"16":{"start":{"line":40,"column":8},"end":{"line":40,"column":47}},"17":{"start":{"line":41,"column":8},"end":{"line":41,"column":38}},"18":{"start":{"line":42,"column":8},"end":{"line":42,"column":13}},"19":{"start":{"line":44,"column":8},"end":{"line":44,"column":44}},"20":{"start":{"line":45,"column":8},"end":{"line":45,"column":38}},"21":{"start":{"line":46,"column":8},"end":{"line":46,"column":13}},"22":{"start":{"line":49,"column":8},"end":{"line":49,"column":52}},"23":{"start":{"line":50,"column":8},"end":{"line":50,"column":47}},"24":{"start":{"line":51,"column":8},"end":{"line":51,"column":13}},"25":{"start":{"line":56,"column":4},"end":{"line":56,"column":35}},"26":{"start":{"line":58,"column":4},"end":{"line":58,"column":25}},"27":{"start":{"line":59,"column":4},"end":{"line":76,"column":5}},"28":{"start":{"line":60,"column":19},"end":{"line":60,"column":50}},"29":{"start":{"line":61,"column":6},"end":{"line":61,"column":48}},"30":{"start":{"line":63,"column":19},"end":{"line":63,"column":38}},"31":{"start":{"line":64,"column":22},"end":{"line":64,"column":58}},"32":{"start":{"line":66,"column":19},"end":{"line":66,"column":21}},"33":{"start":{"line":67,"column":6},"end":{"line":73,"column":8}},"34":{"start":{"line":68,"column":25},"end":{"line":68,"column":27}},"35":{"start":{"line":69,"column":8},"end":{"line":69,"column":43}},"36":{"start":{"line":70,"column":8},"end":{"line":70,"column":33}},"37":{"start":{"line":71,"column":8},"end":{"line":71,"column":31}},"38":{"start":{"line":72,"column":8},"end":{"line":72,"column":27}},"39":{"start":{"line":75,"column":6},"end":{"line":75,"column":36}},"40":{"start":{"line":80,"column":27},"end":{"line":80,"column":56}},"41":{"start":{"line":81,"column":4},"end":{"line":108,"column":6}},"42":{"start":{"line":82,"column":22},"end":{"line":82,"column":62}},"43":{"start":{"line":84,"column":20},"end":{"line":84,"column":57}},"44":{"start":{"line":85,"column":6},"end":{"line":107,"column":7}},"45":{"start":{"line":85,"column":19},"end":{"line":85,"column":20}},"46":{"start":{"line":86,"column":8},"end":{"line":106,"column":10}},"47":{"start":{"line":87,"column":21},"end":{"line":87,"column":91}},"48":{"start":{"line":88,"column":23},"end":{"line":88,"column":93}},"49":{"start":{"line":90,"column":24},"end":{"line":90,"column":70}},"50":{"start":{"line":91,"column":10},"end":{"line":94,"column":11}},"51":{"start":{"line":92,"column":12},"end":{"line":92,"column":41}},"52":{"start":{"line":93,"column":12},"end":{"line":93,"column":67}},"53":{"start":{"line":93,"column":25},"end":{"line":93,"column":65}},"54":{"start":{"line":95,"column":10},"end":{"line":101,"column":11}},"55":{"start":{"line":96,"column":12},"end":{"line":96,"column":46}},"56":{"start":{"line":97,"column":12},"end":{"line":100,"column":13}},"57":{"start":{"line":98,"column":14},"end":{"line":98,"column":54}},"58":{"start":{"line":99,"column":14},"end":{"line":99,"column":84}},"59":{"start":{"line":99,"column":43},"end":{"line":99,"column":82}},"60":{"start":{"line":103,"column":26},"end":{"line":103,"column":53}},"61":{"start":{"line":105,"column":10},"end":{"line":105,"column":35}},"62":{"start":{"line":112,"column":21},"end":{"line":112,"column":56}},"63":{"start":{"line":113,"column":4},"end":{"line":119,"column":5}},"64":{"start":{"line":114,"column":6},"end":{"line":114,"column":24}},"65":{"start":{"line":115,"column":6},"end":{"line":115,"column":89}},"66":{"start":{"line":116,"column":6},"end":{"line":116,"column":27}},"67":{"start":{"line":117,"column":6},"end":{"line":117,"column":57}},"68":{"start":{"line":118,"column":6},"end":{"line":118,"column":30}}},"fnMap":{"0":{"name":"(anonymous_0)","decl":{"start":{"line":10,"column":2},"end":{"line":10,"column":3}},"loc":{"start":{"line":10,"column":23},"end":{"line":14,"column":3}},"line":10},"1":{"name":"(anonymous_1)","decl":{"start":{"line":16,"column":2},"end":{"line":16,"column":3}},"loc":{"start":{"line":16,"column":32},"end":{"line":53,"column":3}},"line":16},"2":{"name":"(anonymous_2)","decl":{"start":{"line":55,"column":2},"end":{"line":55,"column":3}},"loc":{"start":{"line":55,"column":22},"end":{"line":77,"column":3}},"line":55},"3":{"name":"(anonymous_3)","decl":{"start":{"line":67,"column":19},"end":{"line":67,"column":20}},"loc":{"start":{"line":67,"column":25},"end":{"line":73,"column":7}},"line":67},"4":{"name":"(anonymous_4)","decl":{"start":{"line":79,"column":2},"end":{"line":79,"column":3}},"loc":{"start":{"line":79,"column":29},"end":{"line":109,"column":3}},"line":79},"5":{"name":"(anonymous_5)","decl":{"start":{"line":81,"column":27},"end":{"line":81,"column":28}},"loc":{"start":{"line":81,"column":40},"end":{"line":108,"column":5}},"line":81},"6":{"name":"(anonymous_6)","decl":{"start":{"line":86,"column":45},"end":{"line":86,"column":46}},"loc":{"start":{"line":86,"column":60},"end":{"line":106,"column":9}},"line":86},"7":{"name":"(anonymous_7)","decl":{"start":{"line":111,"column":2},"end":{"line":111,"column":3}},"loc":{"start":{"line":111,"column":25},"end":{"line":120,"column":3}},"line":111},"8":{"name":"(anonymous_8)","decl":{"start":{"line":113,"column":24},"end":{"line":113,"column":25}},"loc":{"start":{"line":113,"column":37},"end":{"line":119,"column":5}},"line":113}},"branchMap":{"0":{"loc":{"start":{"line":16,"column":21},"end":{"line":16,"column":30}},"type":"default-arg","locations":[{"start":{"line":16,"column":28},"end":{"line":16,"column":30}}],"line":16},"1":{"loc":{"start":{"line":17,"column":4},"end":{"line":52,"column":5}},"type":"switch","locations":[{"start":{"line":18,"column":6},"end":{"line":21,"column":13}},{"start":{"line":22,"column":6},"end":{"line":35,"column":13}},{"start":{"line":36,"column":6},"end":{"line":38,"column":13}},{"start":{"line":39,"column":6},"end":{"line":42,"column":13}},{"start":{"line":43,"column":6},"end":{"line":46,"column":13}},{"start":{"line":48,"column":6},"end":{"line":51,"column":13}}],"line":17},"2":{"loc":{"start":{"line":24,"column":8},"end":{"line":33,"column":9}},"type":"if","locations":[{"start":{"line":24,"column":8},"end":{"line":33,"column":9}},{"start":{"line":24,"column":8},"end":{"line":33,"column":9}}],"line":24},"3":{"loc":{"start":{"line":56,"column":11},"end":{"line":56,"column":35}},"type":"binary-expr","locations":[{"start":{"line":56,"column":11},"end":{"line":56,"column":29}},{"start":{"line":56,"column":33},"end":{"line":56,"column":35}}],"line":56},"4":{"loc":{"start":{"line":59,"column":4},"end":{"line":76,"column":5}},"type":"if","locations":[{"start":{"line":59,"column":4},"end":{"line":76,"column":5}},{"start":{"line":59,"column":4},"end":{"line":76,"column":5}}],"line":59},"5":{"loc":{"start":{"line":61,"column":17},"end":{"line":61,"column":41}},"type":"binary-expr","locations":[{"start":{"line":61,"column":17},"end":{"line":61,"column":35}},{"start":{"line":61,"column":39},"end":{"line":61,"column":41}}],"line":61},"6":{"loc":{"start":{"line":91,"column":10},"end":{"line":94,"column":11}},"type":"if","locations":[{"start":{"line":91,"column":10},"end":{"line":94,"column":11}},{"start":{"line":91,"column":10},"end":{"line":94,"column":11}}],"line":91},"7":{"loc":{"start":{"line":93,"column":12},"end":{"line":93,"column":67}},"type":"if","locations":[{"start":{"line":93,"column":12},"end":{"line":93,"column":67}},{"start":{"line":93,"column":12},"end":{"line":93,"column":67}}],"line":93},"8":{"loc":{"start":{"line":95,"column":10},"end":{"line":101,"column":11}},"type":"if","locations":[{"start":{"line":95,"column":10},"end":{"line":101,"column":11}},{"start":{"line":95,"column":10},"end":{"line":101,"column":11}}],"line":95},"9":{"loc":{"start":{"line":97,"column":12},"end":{"line":100,"column":13}},"type":"if","locations":[{"start":{"line":97,"column":12},"end":{"line":100,"column":13}},{"start":{"line":97,"column":12},"end":{"line":100,"column":13}}],"line":97},"10":{"loc":{"start":{"line":99,"column":14},"end":{"line":99,"column":84}},"type":"if","locations":[{"start":{"line":99,"column":14},"end":{"line":99,"column":84}},{"start":{"line":99,"column":14},"end":{"line":99,"column":84}}],"line":99}},"s":{"0":1,"1":1,"2":1,"3":10,"4":2,"5":2,"6":2,"7":1,"8":0,"9":0,"10":1,"11":1,"12":1,"13":1,"14":5,"15":5,"16":1,"17":1,"18":1,"19":1,"20":1,"21":1,"22":0,"23":0,"24":0,"25":5,"26":5,"27":5,"28":4,"29":4,"30":1,"31":1,"32":1,"33":1,"34":2,"35":2,"36":2,"37":2,"38":2,"39":1,"40":6,"41":6,"42":12,"43":12,"44":12,"45":12,"46":54,"47":2,"48":2,"49":2,"50":2,"51":1,"52":1,"53":0,"54":2,"55":1,"56":1,"57":0,"58":0,"59":0,"60":2,"61":0,"62":1,"63":1,"64":0,"65":0,"66":0,"67":0,"68":0},"f":{"0":1,"1":10,"2":5,"3":2,"4":6,"5":12,"6":2,"7":1,"8":0},"b":{"0":[5],"1":[2,1,5,1,1,0],"2":[0,1],"3":[5,1],"4":[4,1],"5":[4,1],"6":[1,1],"7":[0,1],"8":[1,1],"9":[0,1],"10":[0,0]},"_coverageSchema":"1a1c01bbd47fc00a2c39e90264f33305004495a9","hash":"1474f51adddba3db534af909b6dcb7004316e3e3"}
,"C:\\Users\\Anton\\Desktop\\Study\\OKR\\lab4\\src\\js\\test.server.js": {"path":"C:\\Users\\Anton\\Desktop\\Study\\OKR\\lab4\\src\\js\\test.server.js","statementMap":{"0":{"start":{"line":5,"column":4},"end":{"line":5,"column":78}},"1":{"start":{"line":9,"column":4},"end":{"line":9,"column":67}},"2":{"start":{"line":13,"column":21},"end":{"line":13,"column":35}},"3":{"start":{"line":14,"column":4},"end":{"line":16,"column":5}},"4":{"start":{"line":15,"column":6},"end":{"line":15,"column":66}},"5":{"start":{"line":15,"column":54},"end":{"line":15,"column":65}},"6":{"start":{"line":18,"column":4},"end":{"line":23,"column":5}},"7":{"start":{"line":19,"column":19},"end":{"line":19,"column":74}},"8":{"start":{"line":20,"column":6},"end":{"line":22,"column":8}},"9":{"start":{"line":21,"column":8},"end":{"line":21,"column":50}},"10":{"start":{"line":24,"column":4},"end":{"line":34,"column":5}},"11":{"start":{"line":25,"column":22},"end":{"line":25,"column":88}},"12":{"start":{"line":25,"column":76},"end":{"line":25,"column":87}},"13":{"start":{"line":27,"column":19},"end":{"line":27,"column":21}},"14":{"start":{"line":28,"column":6},"end":{"line":32,"column":7}},"15":{"start":{"line":28,"column":19},"end":{"line":28,"column":20}},"16":{"start":{"line":29,"column":28},"end":{"line":29,"column":115}},"17":{"start":{"line":29,"column":103},"end":{"line":29,"column":114}},"18":{"start":{"line":31,"column":8},"end":{"line":31,"column":75}},"19":{"start":{"line":33,"column":6},"end":{"line":33,"column":17}},"20":{"start":{"line":35,"column":4},"end":{"line":35,"column":63}},"21":{"start":{"line":35,"column":51},"end":{"line":35,"column":62}}},"fnMap":{"0":{"name":"(anonymous_0)","decl":{"start":{"line":4,"column":2},"end":{"line":4,"column":3}},"loc":{"start":{"line":4,"column":17},"end":{"line":6,"column":3}},"line":4},"1":{"name":"(anonymous_1)","decl":{"start":{"line":8,"column":2},"end":{"line":8,"column":3}},"loc":{"start":{"line":8,"column":20},"end":{"line":10,"column":3}},"line":8},"2":{"name":"(anonymous_2)","decl":{"start":{"line":12,"column":2},"end":{"line":12,"column":3}},"loc":{"start":{"line":12,"column":22},"end":{"line":36,"column":3}},"line":12},"3":{"name":"(anonymous_3)","decl":{"start":{"line":15,"column":46},"end":{"line":15,"column":47}},"loc":{"start":{"line":15,"column":54},"end":{"line":15,"column":65}},"line":15},"4":{"name":"(anonymous_4)","decl":{"start":{"line":20,"column":25},"end":{"line":20,"column":26}},"loc":{"start":{"line":20,"column":35},"end":{"line":22,"column":7}},"line":20},"5":{"name":"(anonymous_5)","decl":{"start":{"line":25,"column":68},"end":{"line":25,"column":69}},"loc":{"start":{"line":25,"column":76},"end":{"line":25,"column":87}},"line":25},"6":{"name":"(anonymous_6)","decl":{"start":{"line":29,"column":95},"end":{"line":29,"column":96}},"loc":{"start":{"line":29,"column":103},"end":{"line":29,"column":114}},"line":29},"7":{"name":"(anonymous_7)","decl":{"start":{"line":35,"column":43},"end":{"line":35,"column":44}},"loc":{"start":{"line":35,"column":51},"end":{"line":35,"column":62}},"line":35}},"branchMap":{"0":{"loc":{"start":{"line":14,"column":4},"end":{"line":16,"column":5}},"type":"if","locations":[{"start":{"line":14,"column":4},"end":{"line":16,"column":5}},{"start":{"line":14,"column":4},"end":{"line":16,"column":5}}],"line":14},"1":{"loc":{"start":{"line":18,"column":4},"end":{"line":23,"column":5}},"type":"if","locations":[{"start":{"line":18,"column":4},"end":{"line":23,"column":5}},{"start":{"line":18,"column":4},"end":{"line":23,"column":5}}],"line":18},"2":{"loc":{"start":{"line":18,"column":8},"end":{"line":18,"column":46}},"type":"binary-expr","locations":[{"start":{"line":18,"column":8},"end":{"line":18,"column":27}},{"start":{"line":18,"column":31},"end":{"line":18,"column":46}}],"line":18},"3":{"loc":{"start":{"line":24,"column":4},"end":{"line":34,"column":5}},"type":"if","locations":[{"start":{"line":24,"column":4},"end":{"line":34,"column":5}},{"start":{"line":24,"column":4},"end":{"line":34,"column":5}}],"line":24}},"s":{"0":3,"1":0,"2":13,"3":13,"4":2,"5":2,"6":11,"7":2,"8":2,"9":14,"10":9,"11":2,"12":2,"13":2,"14":2,"15":2,"16":6,"17":6,"18":6,"19":2,"20":7,"21":5},"f":{"0":3,"1":0,"2":13,"3":2,"4":14,"5":2,"6":6,"7":5},"b":{"0":[2,11],"1":[2,9],"2":[11,3],"3":[2,7]},"_coverageSchema":"1a1c01bbd47fc00a2c39e90264f33305004495a9","hash":"a10f740548711a23060784dc034d654f5bf69e2b"}
,"C:\\Users\\Anton\\Desktop\\Study\\OKR\\lab4\\src\\js\\pages\\actions_page.js": {"path":"C:\\Users\\Anton\\Desktop\\Study\\OKR\\lab4\\src\\js\\pages\\actions_page.js","statementMap":{"0":{"start":{"line":4,"column":16},"end":{"line":4,"column":90}},"1":{"start":{"line":5,"column":17},"end":{"line":5,"column":19}},"2":{"start":{"line":6,"column":2},"end":{"line":8,"column":4}},"3":{"start":{"line":7,"column":4},"end":{"line":7,"column":59}},"4":{"start":{"line":10,"column":2},"end":{"line":10,"column":32}}},"fnMap":{"0":{"name":"actionsPage","decl":{"start":{"line":3,"column":24},"end":{"line":3,"column":35}},"loc":{"start":{"line":3,"column":43},"end":{"line":11,"column":1}},"line":3},"1":{"name":"(anonymous_1)","decl":{"start":{"line":6,"column":15},"end":{"line":6,"column":16}},"loc":{"start":{"line":6,"column":26},"end":{"line":8,"column":3}},"line":6}},"branchMap":{},"s":{"0":2,"1":2,"2":2,"3":5,"4":2},"f":{"0":2,"1":5},"b":{},"_coverageSchema":"1a1c01bbd47fc00a2c39e90264f33305004495a9","hash":"6e5e5182df055789585d135e84c96a3ddc8593d3"}
,"C:\\Users\\Anton\\Desktop\\Study\\OKR\\lab4\\src\\js\\pages\\cart_page.js": {"path":"C:\\Users\\Anton\\Desktop\\Study\\OKR\\lab4\\src\\js\\pages\\cart_page.js","statementMap":{"0":{"start":{"line":4,"column":14},"end":{"line":4,"column":16}},"1":{"start":{"line":6,"column":2},"end":{"line":9,"column":4}},"2":{"start":{"line":8,"column":4},"end":{"line":8,"column":56}},"3":{"start":{"line":10,"column":2},"end":{"line":38,"column":7}}},"fnMap":{"0":{"name":"cartPage","decl":{"start":{"line":3,"column":24},"end":{"line":3,"column":32}},"loc":{"start":{"line":3,"column":40},"end":{"line":39,"column":1}},"line":3},"1":{"name":"(anonymous_1)","decl":{"start":{"line":6,"column":15},"end":{"line":6,"column":16}},"loc":{"start":{"line":6,"column":21},"end":{"line":9,"column":3}},"line":6}},"branchMap":{},"s":{"0":2,"1":2,"2":4,"3":2},"f":{"0":2,"1":4},"b":{},"_coverageSchema":"1a1c01bbd47fc00a2c39e90264f33305004495a9","hash":"44983381292428ca62eafe3e50dcfcd7403829a4"}
,"C:\\Users\\Anton\\Desktop\\Study\\OKR\\lab4\\src\\js\\pages\\catalog_page.js": {"path":"C:\\Users\\Anton\\Desktop\\Study\\OKR\\lab4\\src\\js\\pages\\catalog_page.js","statementMap":{"0":{"start":{"line":4,"column":17},"end":{"line":4,"column":19}},"1":{"start":{"line":5,"column":2},"end":{"line":7,"column":4}},"2":{"start":{"line":6,"column":4},"end":{"line":6,"column":32}},"3":{"start":{"line":9,"column":16},"end":{"line":9,"column":65}},"4":{"start":{"line":10,"column":2},"end":{"line":10,"column":32}}},"fnMap":{"0":{"name":"catalogPage","decl":{"start":{"line":3,"column":24},"end":{"line":3,"column":35}},"loc":{"start":{"line":3,"column":43},"end":{"line":11,"column":1}},"line":3},"1":{"name":"(anonymous_1)","decl":{"start":{"line":5,"column":15},"end":{"line":5,"column":16}},"loc":{"start":{"line":5,"column":26},"end":{"line":7,"column":3}},"line":5}},"branchMap":{},"s":{"0":3,"1":3,"2":10,"3":3,"4":3},"f":{"0":3,"1":10},"b":{},"_coverageSchema":"1a1c01bbd47fc00a2c39e90264f33305004495a9","hash":"1286cd0a56dac8c06fef72be4e00ac0097d3f235"}
,"C:\\Users\\Anton\\Desktop\\Study\\OKR\\lab4\\src\\js\\pages\\main_page.js": {"path":"C:\\Users\\Anton\\Desktop\\Study\\OKR\\lab4\\src\\js\\pages\\main_page.js","statementMap":{"0":{"start":{"line":5,"column":19},"end":{"line":5,"column":100}},"1":{"start":{"line":6,"column":23},"end":{"line":6,"column":80}},"2":{"start":{"line":8,"column":22},"end":{"line":8,"column":24}},"3":{"start":{"line":9,"column":2},"end":{"line":11,"column":4}},"4":{"start":{"line":10,"column":4},"end":{"line":10,"column":53}},"5":{"start":{"line":12,"column":23},"end":{"line":12,"column":81}},"6":{"start":{"line":13,"column":18},"end":{"line":13,"column":166}},"7":{"start":{"line":14,"column":2},"end":{"line":14,"column":100}}},"fnMap":{"0":{"name":"mainPage","decl":{"start":{"line":4,"column":24},"end":{"line":4,"column":32}},"loc":{"start":{"line":4,"column":40},"end":{"line":15,"column":1}},"line":4},"1":{"name":"(anonymous_1)","decl":{"start":{"line":9,"column":27},"end":{"line":9,"column":28}},"loc":{"start":{"line":9,"column":40},"end":{"line":11,"column":3}},"line":9}},"branchMap":{},"s":{"0":2,"1":2,"2":2,"3":2,"4":5,"5":2,"6":2,"7":2},"f":{"0":2,"1":5},"b":{},"_coverageSchema":"1a1c01bbd47fc00a2c39e90264f33305004495a9","hash":"295defacd021d578f4620b590c2359045eeacbbd"}
}
