TN:
SF:src\js\carousel.js
FNF:0
FNH:0
DA:1,2
LF:1
LH:1
BRF:0
BRH:0
end_of_record
TN:
SF:src\js\cart.js
FN:4,(anonymous_0)
FN:8,(anonymous_1)
FN:10,(anonymous_2)
FN:19,(anonymous_3)
FN:23,(anonymous_4)
FN:26,(anonymous_5)
FN:35,(anonymous_6)
FN:40,(anonymous_7)
FN:47,(anonymous_8)
FNF:9
FNH:9
FNDA:2,(anonymous_0)
FNDA:2,(anonymous_1)
FNDA:2,(anonymous_2)
FNDA:1,(anonymous_3)
FNDA:3,(anonymous_4)
FNDA:5,(anonymous_5)
FNDA:4,(anonymous_6)
FNDA:3,(anonymous_7)
FNDA:12,(anonymous_8)
DA:5,2
DA:9,2
DA:10,2
DA:11,2
DA:13,2
DA:14,2
DA:16,2
DA:20,1
DA:24,3
DA:26,5
DA:27,3
DA:28,2
DA:30,1
DA:32,3
DA:36,4
DA:38,2
DA:39,2
DA:40,2
DA:42,3
DA:44,2
DA:48,12
DA:49,1
DA:51,1
DA:53,11
LF:24
LH:24
BRDA:4,0,0,1
BRDA:5,1,0,2
BRDA:5,1,1,1
BRDA:10,2,0,2
BRDA:10,2,1,2
BRDA:11,3,0,2
BRDA:11,3,1,0
BRDA:14,4,0,0
BRDA:14,4,1,2
BRDA:26,5,0,5
BRDA:26,5,1,3
BRDA:27,6,0,2
BRDA:27,6,1,1
BRDA:48,7,0,1
BRDA:48,7,1,11
BRF:15
BRH:13
end_of_record
TN:
SF:src\js\loader.js
FNF:0
FNH:0
DA:1,1
LF:1
LH:1
BRF:0
BRH:0
end_of_record
TN:
SF:src\js\makeCard.js
FN:1,makeCard
FN:12,(anonymous_1)
FN:25,makeRow
FN:30,(anonymous_3)
FN:39,makeCartCard
FNF:5
FNH:5
FNDA:33,makeCard
FNDA:99,(anonymous_1)
FNDA:14,makeRow
FNDA:34,(anonymous_3)
FNDA:7,makeCartCard
DA:2,33
DA:13,99
DA:26,14
DA:31,34
DA:40,7
LF:5
LH:5
BRDA:1,0,0,19
BRDA:10,1,0,14
BRDA:10,1,1,19
BRF:3
BRH:3
end_of_record
TN:
SF:src\js\router.js
FN:10,(anonymous_0)
FN:16,(anonymous_1)
FN:55,(anonymous_2)
FN:67,(anonymous_3)
FN:79,(anonymous_4)
FN:81,(anonymous_5)
FN:86,(anonymous_6)
FN:111,(anonymous_7)
FN:113,(anonymous_8)
FNF:9
FNH:9
FNDA:1,(anonymous_0)
FNDA:10,(anonymous_1)
FNDA:5,(anonymous_2)
FNDA:2,(anonymous_3)
FNDA:6,(anonymous_4)
FNDA:12,(anonymous_5)
FNDA:2,(anonymous_6)
FNDA:2,(anonymous_7)
FNDA:1,(anonymous_8)
DA:11,1
DA:12,1
DA:13,1
DA:17,10
DA:19,2
DA:20,2
DA:21,2
DA:24,1
DA:25,0
DA:26,0
DA:30,1
DA:31,1
DA:32,1
DA:35,1
DA:37,5
DA:38,5
DA:40,1
DA:41,1
DA:42,1
DA:44,1
DA:45,1
DA:46,1
DA:49,0
DA:50,0
DA:51,0
DA:56,5
DA:58,5
DA:59,5
DA:60,4
DA:61,4
DA:63,1
DA:64,1
DA:66,1
DA:67,1
DA:68,2
DA:69,2
DA:70,2
DA:71,2
DA:72,2
DA:75,1
DA:80,6
DA:81,6
DA:82,12
DA:84,12
DA:85,12
DA:86,54
DA:87,2
DA:88,2
DA:90,2
DA:91,2
DA:92,1
DA:93,1
DA:95,2
DA:96,1
DA:97,1
DA:98,0
DA:99,0
DA:103,2
DA:105,0
DA:112,2
DA:113,2
DA:114,1
DA:115,1
DA:116,0
DA:118,0
LF:65
LH:55
BRDA:16,0,0,5
BRDA:17,1,0,2
BRDA:17,1,1,1
BRDA:17,1,2,5
BRDA:17,1,3,1
BRDA:17,1,4,1
BRDA:17,1,5,0
BRDA:24,2,0,0
BRDA:24,2,1,1
BRDA:56,3,0,5
BRDA:56,3,1,1
BRDA:59,4,0,4
BRDA:59,4,1,1
BRDA:61,5,0,4
BRDA:61,5,1,1
BRDA:91,6,0,1
BRDA:91,6,1,1
BRDA:93,7,0,0
BRDA:93,7,1,1
BRDA:95,8,0,1
BRDA:95,8,1,1
BRDA:97,9,0,0
BRDA:97,9,1,1
BRDA:99,10,0,0
BRDA:99,10,1,0
BRF:25
BRH:19
end_of_record
TN:
SF:src\js\test.server.js
FN:4,(anonymous_0)
FN:8,(anonymous_1)
FN:12,(anonymous_2)
FN:15,(anonymous_3)
FN:20,(anonymous_4)
FN:25,(anonymous_5)
FN:29,(anonymous_6)
FN:35,(anonymous_7)
FNF:8
FNH:8
FNDA:3,(anonymous_0)
FNDA:1,(anonymous_1)
FNDA:13,(anonymous_2)
FNDA:2,(anonymous_3)
FNDA:14,(anonymous_4)
FNDA:2,(anonymous_5)
FNDA:6,(anonymous_6)
FNDA:5,(anonymous_7)
DA:5,3
DA:9,1
DA:13,13
DA:14,13
DA:15,2
DA:18,11
DA:19,2
DA:20,2
DA:21,14
DA:24,9
DA:25,2
DA:27,2
DA:28,2
DA:29,6
DA:31,6
DA:33,2
DA:35,7
LF:17
LH:17
BRDA:14,0,0,2
BRDA:14,0,1,11
BRDA:18,1,0,2
BRDA:18,1,1,9
BRDA:18,2,0,11
BRDA:18,2,1,3
BRDA:24,3,0,2
BRDA:24,3,1,7
BRF:8
BRH:8
end_of_record
TN:
SF:src\js\pages\actions_page.js
FN:3,actionsPage
FN:6,(anonymous_1)
FNF:2
FNH:2
FNDA:2,actionsPage
FNDA:5,(anonymous_1)
DA:4,2
DA:5,2
DA:6,2
DA:7,5
DA:10,2
LF:5
LH:5
BRF:0
BRH:0
end_of_record
TN:
SF:src\js\pages\cart_page.js
FN:3,cartPage
FN:6,(anonymous_1)
FNF:2
FNH:2
FNDA:2,cartPage
FNDA:4,(anonymous_1)
DA:4,2
DA:6,2
DA:8,4
DA:10,2
LF:4
LH:4
BRF:0
BRH:0
end_of_record
TN:
SF:src\js\pages\catalog_page.js
FN:3,catalogPage
FN:5,(anonymous_1)
FNF:2
FNH:2
FNDA:3,catalogPage
FNDA:10,(anonymous_1)
DA:4,3
DA:5,3
DA:6,10
DA:9,3
DA:10,3
LF:5
LH:5
BRF:0
BRH:0
end_of_record
TN:
SF:src\js\pages\main_page.js
FN:4,mainPage
FN:9,(anonymous_1)
FNF:2
FNH:2
FNDA:2,mainPage
FNDA:5,(anonymous_1)
DA:5,2
DA:6,2
DA:8,2
DA:9,2
DA:10,5
DA:12,2
DA:13,2
DA:14,2
LF:8
LH:8
BRF:0
BRH:0
end_of_record
